<?xml version="1.0" encoding="UTF-8"?>
<testsuite name="snake.app.board.BoardTest" tests="4" skipped="0" failures="0" errors="0" timestamp="2019-09-03T09:08:58" hostname="alisher-pc" time="0.111">
  <properties/>
  <testcase name="checkForFoodEatenTest" classname="snake.app.board.BoardTest" time="0.109"/>
  <testcase name="checkForGameOverTest" classname="snake.app.board.BoardTest" time="0.001"/>
  <testcase name="generateOneFoodTest" classname="snake.app.board.BoardTest" time="0.001"/>
  <testcase name="checkForFoodEatenTailGenerationTest" classname="snake.app.board.BoardTest" time="0.0"/>
  <system-out><![CDATA[]]></system-out>
  <system-err><![CDATA[]]></system-err>
</testsuite>
